#
# A fatal error has been detected by the Java Runtime Environment:
#
#  EXCEPTION_ACCESS_VIOLATION (0xc0000005) at pc=0x10295f80, pid=3308, tid=3328
#
# JRE version: 6.0_16-b01
# Java VM: Java HotSpot(TM) Client VM (14.2-b01 mixed mode windows-x86 )
# Problematic frame:
# C  0x10295f80
#
# If you would like to submit a bug report, please visit:
#   http://java.sun.com/webapps/bugreport/crash.jsp
# The crash happened outside the Java Virtual Machine in native code.
# See problematic frame for where to report the bug.
#

---------------  T H R E A D  ---------------

Current thread (0x0190e800):  JavaThread "Finalizer" daemon [_thread_in_native, id=3328, stack(0x0fb20000,0x0fb70000)]

siginfo: ExceptionCode=0xc0000005, reading address 0x10295f80

Registers:
EAX=0x10295f80, EBX=0x0be35a00, ECX=0x0190e910, EDX=0x0be9ebf8
ESP=0x0fb6f62c, EBP=0x0fb6f660, ESI=0x0be35a00, EDI=0x0190e800
EIP=0x10295f80, EFLAGS=0x00010283

Top of Stack: (sp=0x0fb6f62c)
0x0fb6f62c:   01a19e37 0190e910 0fb6f668 000ca550
0x0fb6f63c:   00000000 0fb6f640 00000000 0fb6f674
0x0fb6f64c:   0be9ebf8 00000000 0be35a00 00000000
0x0fb6f65c:   0fb6f670 0fb6f698 01a12da1 0be35d50
0x0fb6f66c:   01a18269 000ca550 00000000 0fb6f678
0x0fb6f67c:   0be33bad 0fb6f6a0 0be9ebf8 00000000
0x0fb6f68c:   0be33bd0 0fb6f670 0fb6f6a0 0fb6f6b4
0x0fb6f69c:   01a102cb 0443bd18 00001f80 01a10266 

Instructions: (pc=0x10295f80)
0x10295f70:   
[error occurred during error reporting (printing registers, top of stack, instructions near pc), id 0xc0000005]

Stack: [0x0fb20000,0x0fb70000],  sp=0x0fb6f62c,  free space=317k
Native frames: (J=compiled Java code, j=interpreted, Vv=VM code, C=native code)
C  0x10295f80
j  com.sun.jna.Memory.finalize()V+13
v  ~StubRoutines::call_stub
V  [jvm.dll+0xecf9c]
V  [jvm.dll+0x1741e1]
V  [jvm.dll+0xed01d]
V  [jvm.dll+0xf5e2f]
V  [jvm.dll+0xf8b24]
C  [java.dll+0x2115]
j  java.lang.ref.Finalizer.runFinalizer()V+45
j  java.lang.ref.Finalizer.access$100(Ljava/lang/ref/Finalizer;)V+1
j  java.lang.ref.Finalizer$FinalizerThread.run()V+11
v  ~StubRoutines::call_stub
V  [jvm.dll+0xecf9c]
V  [jvm.dll+0x1741e1]
V  [jvm.dll+0xed167]
V  [jvm.dll+0xed1dd]
V  [jvm.dll+0x116290]
V  [jvm.dll+0x1d0424]
V  [jvm.dll+0x173e5c]
C  [msvcr71.dll+0x9565]
C  [kernel32.dll+0x51174]
C  [ntdll.dll+0x5b3f5]
C  [ntdll.dll+0x5b3c8]

Java frames: (J=compiled Java code, j=interpreted, Vv=VM code)
j  com.sun.jna.Memory.free(J)V+0
j  com.sun.jna.Memory.finalize()V+13
v  ~StubRoutines::call_stub
j  java.lang.ref.Finalizer.invokeFinalizeMethod(Ljava/lang/Object;)V+0
j  java.lang.ref.Finalizer.runFinalizer()V+45
j  java.lang.ref.Finalizer.access$100(Ljava/lang/ref/Finalizer;)V+1
j  java.lang.ref.Finalizer$FinalizerThread.run()V+11
v  ~StubRoutines::call_stub

---------------  P R O C E S S  ---------------

Java Threads: ( => current thread )
  0x0fef6000 JavaThread "Thread-1" daemon [_thread_in_native, id=3436, stack(0x10ae0000,0x10b30000)]
  0x01a09000 JavaThread "DestroyJavaVM" [_thread_blocked, id=3316, stack(0x00350000,0x003a0000)]
  0x0fe63400 JavaThread "TimerQueue" daemon [_thread_blocked, id=3412, stack(0x10ed0000,0x10f20000)]
  0x0feb5800 JavaThread "Image Fetcher 3" daemon [_thread_blocked, id=3376, stack(0x10e60000,0x10eb0000)]
  0x0fe88400 JavaThread "AWT-EventQueue-0" [_thread_blocked, id=3372, stack(0x10e10000,0x10e60000)]
  0x0fd37400 JavaThread "AWT-Windows" daemon [_thread_in_native, id=3364, stack(0x10180000,0x101d0000)]
  0x0fd27400 JavaThread "AWT-Shutdown" [_thread_blocked, id=3360, stack(0x10130000,0x10180000)]
  0x0fd84800 JavaThread "Java2D Disposer" daemon [_thread_blocked, id=3356, stack(0x100a0000,0x100f0000)]
  0x0195b400 JavaThread "Low Memory Detector" daemon [_thread_blocked, id=3348, stack(0x0fc60000,0x0fcb0000)]
  0x01946400 JavaThread "CompilerThread0" daemon [_thread_blocked, id=3344, stack(0x0fc10000,0x0fc60000)]
  0x01945800 JavaThread "Attach Listener" daemon [_thread_blocked, id=3340, stack(0x0fbc0000,0x0fc10000)]
  0x0193b000 JavaThread "Signal Dispatcher" daemon [_thread_blocked, id=3336, stack(0x0fb70000,0x0fbc0000)]
=>0x0190e800 JavaThread "Finalizer" daemon [_thread_in_native, id=3328, stack(0x0fb20000,0x0fb70000)]
  0x0190a000 JavaThread "Reference Handler" daemon [_thread_blocked, id=3324, stack(0x0fad0000,0x0fb20000)]

Other Threads:
  0x01904800 VMThread [stack: 0x0fa80000,0x0fad0000] [id=3320]
  0x01964c00 WatcherThread [stack: 0x0fcb0000,0x0fd00000] [id=3352]

VM state:not at safepoint (normal execution)

VM Mutex/Monitor currently owned by a thread: None

Heap
 def new generation   total 9088K, used 397K [0x03a10000, 0x043e0000, 0x043e0000)
  eden space 8128K,   4% used [0x03a10000, 0x03a736d0, 0x04200000)
  from space 960K,   0% used [0x042f0000, 0x042f0000, 0x043e0000)
  to   space 960K,   0% used [0x04200000, 0x04200000, 0x042f0000)
 tenured generation   total 121024K, used 3325K [0x043e0000, 0x0ba10000, 0x0ba10000)
   the space 121024K,   2% used [0x043e0000, 0x0471f7a8, 0x0471f800, 0x0ba10000)
 compacting perm gen  total 12288K, used 10944K [0x0ba10000, 0x0c610000, 0x0fa10000)
   the space 12288K,  89% used [0x0ba10000, 0x0c4c0370, 0x0c4c0400, 0x0c610000)
No shared spaces configured.

Dynamic libraries:
0x00400000 - 0x00424000 	C:\Users\sony\Desktop\kidobotikz\arduino-1.0.2\java\bin\javaw.exe
0x774e0000 - 0x7761c000 	C:\Windows\SYSTEM32\ntdll.dll
0x75c10000 - 0x75ce4000 	C:\Windows\system32\kernel32.dll
0x756b0000 - 0x756fa000 	C:\Windows\system32\KERNELBASE.dll
0x76ea0000 - 0x76f40000 	C:\Windows\system32\ADVAPI32.dll
0x75940000 - 0x759ec000 	C:\Windows\system32\msvcrt.dll
0x77620000 - 0x77639000 	C:\Windows\SYSTEM32\sechost.dll
0x771d0000 - 0x77271000 	C:\Windows\system32\RPCRT4.dll
0x77280000 - 0x77349000 	C:\Windows\system32\USER32.dll
0x75a50000 - 0x75a9e000 	C:\Windows\system32\GDI32.dll
0x77680000 - 0x7768a000 	C:\Windows\system32\LPK.dll
0x77130000 - 0x771cd000 	C:\Windows\system32\USP10.dll
0x77650000 - 0x7766f000 	C:\Windows\system32\IMM32.DLL
0x75b00000 - 0x75bcc000 	C:\Windows\system32\MSCTF.dll
0x7c340000 - 0x7c396000 	C:\Users\sony\Desktop\kidobotikz\arduino-1.0.2\java\bin\msvcr71.dll
0x6d8b0000 - 0x6db3b000 	C:\Users\sony\Desktop\kidobotikz\arduino-1.0.2\java\bin\client\jvm.dll
0x6f7a0000 - 0x6f7d2000 	C:\Windows\system32\WINMM.dll
0x75560000 - 0x755ab000 	C:\Windows\system32\apphelp.dll
0x6d860000 - 0x6d86c000 	C:\Users\sony\Desktop\kidobotikz\arduino-1.0.2\java\bin\verify.dll
0x6d3e0000 - 0x6d3ff000 	C:\Users\sony\Desktop\kidobotikz\arduino-1.0.2\java\bin\java.dll
0x6d340000 - 0x6d348000 	C:\Users\sony\Desktop\kidobotikz\arduino-1.0.2\java\bin\hpi.dll
0x77670000 - 0x77675000 	C:\Windows\system32\PSAPI.DLL
0x6d8a0000 - 0x6d8af000 	C:\Users\sony\Desktop\kidobotikz\arduino-1.0.2\java\bin\zip.dll
0x6d0b0000 - 0x6d1fa000 	C:\Users\sony\Desktop\kidobotikz\arduino-1.0.2\java\bin\awt.dll
0x70090000 - 0x700e1000 	C:\Windows\system32\WINSPOOL.DRV
0x75cf0000 - 0x75e4c000 	C:\Windows\system32\ole32.dll
0x75aa0000 - 0x75af7000 	C:\Windows\system32\SHLWAPI.dll
0x73f30000 - 0x73f43000 	C:\Windows\system32\DWMAPI.DLL
0x74250000 - 0x74290000 	C:\Windows\system32\uxtheme.dll
0x755b0000 - 0x755bc000 	C:\Windows\system32\CRYPTBASE.dll
0x750e0000 - 0x750f6000 	C:\Windows\system32\CRYPTSP.dll
0x74e50000 - 0x74e8b000 	C:\Windows\system32\rsaenh.dll
0x74c90000 - 0x74ca7000 	C:\Windows\system32\USERENV.dll
0x75630000 - 0x7563b000 	C:\Windows\system32\profapi.dll
0x6d6c0000 - 0x6d6d3000 	C:\Users\sony\Desktop\kidobotikz\arduino-1.0.2\java\bin\net.dll
0x75bd0000 - 0x75c05000 	C:\Windows\system32\WS2_32.dll
0x77640000 - 0x77646000 	C:\Windows\system32\NSI.dll
0x750a0000 - 0x750dc000 	C:\Windows\system32\mswsock.dll
0x75090000 - 0x75096000 	C:\Windows\System32\wship6.dll
0x73d90000 - 0x73da0000 	C:\Windows\system32\NLAapi.dll
0x74f60000 - 0x74fa4000 	C:\Windows\system32\DNSAPI.dll
0x73810000 - 0x73818000 	C:\Windows\System32\winrnr.dll
0x73800000 - 0x73810000 	C:\Windows\system32\napinsp.dll
0x737e0000 - 0x737f2000 	C:\Windows\system32\pnrpnsp.dll
0x737d0000 - 0x737dd000 	C:\Windows\system32\wshbth.dll
0x74bc0000 - 0x74bc5000 	C:\Windows\System32\wshtcpip.dll
0x73b30000 - 0x73b4c000 	C:\Windows\system32\IPHLPAPI.DLL
0x73b70000 - 0x73b77000 	C:\Windows\system32\WINNSI.DLL
0x70e20000 - 0x70e26000 	C:\Windows\system32\rasadhlp.dll
0x738c0000 - 0x738f8000 	C:\Windows\System32\fwpuclnt.dll
0x75ee0000 - 0x76b29000 	C:\Windows\system32\shell32.dll
0x6d2e0000 - 0x6d334000 	C:\Users\sony\Desktop\kidobotikz\arduino-1.0.2\java\bin\fontmanager.dll
0x6d6e0000 - 0x6d6e9000 	C:\Users\sony\Desktop\kidobotikz\arduino-1.0.2\java\bin\nio.dll
0x10eb0000 - 0x10ec2000 	C:\Users\sony\Desktop\kidobotikz\arduino-1.0.2\rxtxSerial.dll
0x6c240000 - 0x6c267000 	C:\Windows\system32\crtdll.dll
0x77350000 - 0x773d3000 	C:\Windows\system32\CLBCatQ.DLL
0x75e50000 - 0x75edf000 	C:\Windows\system32\OLEAUT32.dll
0x75620000 - 0x7562e000 	C:\Windows\system32\RpcRtRemote.dll

VM Arguments:
jvm_args: -Xms128m -Xmx128m 
java_command: processing.app.Base
Launcher Type: SUN_STANDARD

Environment Variables:
PATH=C:\Windows\system32;C:\Windows;C:\Windows\System32\Wbem;C:\Windows\System32\WindowsPowerShell\v1.0\;C:\Users\sony\Desktop\kidobotikz\arduino-1.0.2\java\bin
USERNAME=sony
OS=Windows_NT
PROCESSOR_IDENTIFIER=x86 Family 6 Model 15 Stepping 13, GenuineIntel



---------------  S Y S T E M  ---------------

OS: Windows 7 Build 7600 

CPU:total 2 (2 cores per cpu, 1 threads per core) family 6 model 15 stepping 13, cmov, cx8, fxsr, mmx, sse, sse2, sse3, ssse3

Memory: 4k page, physical 2087352k(1396152k free), swap 4174704k(3338148k free)

vm_info: Java HotSpot(TM) Client VM (14.2-b01) for windows-x86 JRE (1.6.0_16-b01), built on Jul 31 2009 11:26:58 by "java_re" with MS VC++ 7.1

time: Wed Sep 24 10:41:16 2014
elapsed time: 4 seconds

