#
# A fatal error has been detected by the Java Runtime Environment:
#
#  EXCEPTION_ACCESS_VIOLATION (0xc0000005) at pc=0x10b85f80, pid=4136, tid=6112
#
# JRE version: 6.0_16-b01
# Java VM: Java HotSpot(TM) Client VM (14.2-b01 mixed mode windows-x86 )
# Problematic frame:
# C  0x10b85f80
#
# If you would like to submit a bug report, please visit:
#   http://java.sun.com/webapps/bugreport/crash.jsp
# The crash happened outside the Java Virtual Machine in native code.
# See problematic frame for where to report the bug.
#

---------------  T H R E A D  ---------------

Current thread (0x01dad800):  JavaThread "Finalizer" daemon [_thread_in_native, id=6112, stack(0x10260000,0x102b0000)]

siginfo: ExceptionCode=0xc0000005, reading address 0x10b85f80

Registers:
EAX=0x10b85f80, EBX=0x0c565a00, ECX=0x01dad910, EDX=0x0c5cebd8
ESP=0x102af82c, EBP=0x102af860, ESI=0x0c565a00, EDI=0x01dad800
EIP=0x10b85f80, EFLAGS=0x00010283

Top of Stack: (sp=0x102af82c)
0x102af82c:   02149e37 01dad910 102af868 001d8b08
0x102af83c:   00000000 102af840 00000000 102af874
0x102af84c:   0c5cebd8 00000000 0c565a00 00000000
0x102af85c:   102af870 102af898 02142da1 0c565d50
0x102af86c:   02148269 001d8b08 00000000 102af878
0x102af87c:   0c563bad 102af8a0 0c5cebd8 00000000
0x102af88c:   0c563bd0 102af870 102af8a0 102af8b4
0x102af89c:   021402cb 04b6bf18 00001f80 02140266 

Instructions: (pc=0x10b85f80)
0x10b85f70:   
[error occurred during error reporting (printing registers, top of stack, instructions near pc), id 0xc0000005]

Stack: [0x10260000,0x102b0000],  sp=0x102af82c,  free space=318k
Native frames: (J=compiled Java code, j=interpreted, Vv=VM code, C=native code)
C  0x10b85f80
j  com.sun.jna.Memory.finalize()V+13
v  ~StubRoutines::call_stub
V  [jvm.dll+0xecf9c]
V  [jvm.dll+0x1741e1]
V  [jvm.dll+0xed01d]
V  [jvm.dll+0xf5e2f]
V  [jvm.dll+0xf8b24]
C  [java.dll+0x2115]
j  java.lang.ref.Finalizer.runFinalizer()V+45
j  java.lang.ref.Finalizer.access$100(Ljava/lang/ref/Finalizer;)V+1
j  java.lang.ref.Finalizer$FinalizerThread.run()V+11
v  ~StubRoutines::call_stub
V  [jvm.dll+0xecf9c]
V  [jvm.dll+0x1741e1]
V  [jvm.dll+0xed167]
V  [jvm.dll+0xed1dd]
V  [jvm.dll+0x116290]
V  [jvm.dll+0x1d0424]
V  [jvm.dll+0x173e5c]
C  [msvcr71.dll+0x9565]
C  [KERNEL32.DLL+0x17c04]
C  [ntdll.dll+0x5ad1f]
C  [ntdll.dll+0x5acea]

Java frames: (J=compiled Java code, j=interpreted, Vv=VM code)
j  com.sun.jna.Memory.free(J)V+0
j  com.sun.jna.Memory.finalize()V+13
v  ~StubRoutines::call_stub
j  java.lang.ref.Finalizer.invokeFinalizeMethod(Ljava/lang/Object;)V+0
j  java.lang.ref.Finalizer.runFinalizer()V+45
j  java.lang.ref.Finalizer.access$100(Ljava/lang/ref/Finalizer;)V+1
j  java.lang.ref.Finalizer$FinalizerThread.run()V+11
v  ~StubRoutines::call_stub

---------------  P R O C E S S  ---------------

Java Threads: ( => current thread )
  0x10697800 JavaThread "Thread-1" daemon [_thread_in_native, id=9660, stack(0x117b0000,0x11800000)]
  0x001b9400 JavaThread "DestroyJavaVM" [_thread_blocked, id=6528, stack(0x00240000,0x00290000)]
  0x10731800 JavaThread "TimerQueue" daemon [_thread_blocked, id=8692, stack(0x11470000,0x114c0000)]
  0x106e5800 JavaThread "AWT-EventQueue-0" [_thread_blocked, id=1144, stack(0x10c60000,0x10cb0000)]
  0x01e2bc00 JavaThread "AWT-Shutdown" [_thread_blocked, id=2116, stack(0x10a40000,0x10a90000)]
  0x105a4c00 JavaThread "Java2D Disposer" daemon [_thread_blocked, id=5956, stack(0x109b0000,0x10a00000)]
  0x01dd5c00 JavaThread "Low Memory Detector" daemon [_thread_blocked, id=5032, stack(0x104a0000,0x104f0000)]
  0x01dcf800 JavaThread "CompilerThread0" daemon [_thread_blocked, id=9672, stack(0x10410000,0x10460000)]
  0x01dcf000 JavaThread "Attach Listener" daemon [_thread_blocked, id=3276, stack(0x10380000,0x103d0000)]
  0x01dc9800 JavaThread "Signal Dispatcher" daemon [_thread_blocked, id=6772, stack(0x102f0000,0x10340000)]
=>0x01dad800 JavaThread "Finalizer" daemon [_thread_in_native, id=6112, stack(0x10260000,0x102b0000)]
  0x01da8c00 JavaThread "Reference Handler" daemon [_thread_blocked, id=3708, stack(0x101d0000,0x10220000)]

Other Threads:
  0x01da5000 VMThread [stack: 0x10140000,0x10190000] [id=8824]
  0x01dd7400 WatcherThread [stack: 0x10530000,0x10580000] [id=768]

VM state:not at safepoint (normal execution)

VM Mutex/Monitor currently owned by a thread: None

Heap
 def new generation   total 9088K, used 414K [0x04140000, 0x04b10000, 0x04b10000)
  eden space 8128K,   5% used [0x04140000, 0x041a7800, 0x04930000)
  from space 960K,   0% used [0x04930000, 0x04930000, 0x04a20000)
  to   space 960K,   0% used [0x04a20000, 0x04a20000, 0x04b10000)
 tenured generation   total 121024K, used 3848K [0x04b10000, 0x0c140000, 0x0c140000)
   the space 121024K,   3% used [0x04b10000, 0x04ed20e0, 0x04ed2200, 0x0c140000)
 compacting perm gen  total 12288K, used 11413K [0x0c140000, 0x0cd40000, 0x10140000)
   the space 12288K,  92% used [0x0c140000, 0x0cc65628, 0x0cc65800, 0x0cd40000)
No shared spaces configured.

Dynamic libraries:
0x00400000 - 0x00424000 	C:\Users\Baskar\Desktop\kidobotikz\arduino course\arduino\arduino-1.0.2\java\bin\javaw.exe
0x779b0000 - 0x77b1e000 	C:\WINDOWS\SYSTEM32\ntdll.dll
0x773a0000 - 0x774e0000 	C:\WINDOWS\SYSTEM32\KERNEL32.DLL
0x75b40000 - 0x75c17000 	C:\WINDOWS\SYSTEM32\KERNELBASE.dll
0x73e00000 - 0x73ea0000 	C:\WINDOWS\system32\apphelp.dll
0x6bf10000 - 0x6c176000 	C:\WINDOWS\AppPatch\AcGenral.DLL
0x751c0000 - 0x75283000 	C:\WINDOWS\SYSTEM32\msvcrt.dll
0x75980000 - 0x759c1000 	C:\WINDOWS\SYSTEM32\sechost.dll
0x751a0000 - 0x751be000 	C:\WINDOWS\SYSTEM32\SspiCli.dll
0x75c20000 - 0x75c65000 	C:\WINDOWS\SYSTEM32\SHLWAPI.dll
0x739c0000 - 0x73aad000 	C:\WINDOWS\SYSTEM32\UxTheme.dll
0x77520000 - 0x77673000 	C:\WINDOWS\SYSTEM32\USER32.dll
0x75c90000 - 0x75d9e000 	C:\WINDOWS\SYSTEM32\GDI32.dll
0x74ee0000 - 0x74f03000 	C:\WINDOWS\SYSTEM32\WINMM.dll
0x74040000 - 0x74053000 	C:\WINDOWS\SYSTEM32\samcli.dll
0x777b0000 - 0x778d9000 	C:\WINDOWS\SYSTEM32\ole32.dll
0x75450000 - 0x754e5000 	C:\WINDOWS\SYSTEM32\OLEAUT32.dll
0x74870000 - 0x74887000 	C:\WINDOWS\SYSTEM32\MSACM32.dll
0x74f50000 - 0x74f58000 	C:\WINDOWS\SYSTEM32\VERSION.dll
0x75f50000 - 0x7720c000 	C:\WINDOWS\SYSTEM32\SHELL32.dll
0x74490000 - 0x744ab000 	C:\WINDOWS\SYSTEM32\USERENV.dll
0x73100000 - 0x7311a000 	C:\WINDOWS\SYSTEM32\dwmapi.dll
0x74b90000 - 0x74cdb000 	C:\WINDOWS\SYSTEM32\urlmon.dll
0x77680000 - 0x776fc000 	C:\WINDOWS\SYSTEM32\ADVAPI32.dll
0x731e0000 - 0x73245000 	C:\WINDOWS\SYSTEM32\WINSPOOL.DRV
0x6f2d0000 - 0x6f2e6000 	C:\WINDOWS\SYSTEM32\MPR.dll
0x75570000 - 0x7562a000 	C:\WINDOWS\SYSTEM32\RPCRT4.dll
0x75190000 - 0x7519a000 	C:\WINDOWS\SYSTEM32\CRYPTBASE.dll
0x75690000 - 0x7580d000 	C:\WINDOWS\SYSTEM32\combase.dll
0x746f0000 - 0x74713000 	C:\WINDOWS\SYSTEM32\WINMMBASE.dll
0x742c0000 - 0x742cf000 	C:\WINDOWS\SYSTEM32\profapi.dll
0x744b0000 - 0x746e2000 	C:\WINDOWS\SYSTEM32\iertutil.dll
0x74ce0000 - 0x74ed3000 	C:\WINDOWS\SYSTEM32\WININET.dll
0x75130000 - 0x75184000 	C:\WINDOWS\SYSTEM32\bcryptPrimitives.dll
0x774e0000 - 0x7751c000 	C:\WINDOWS\SYSTEM32\cfgmgr32.dll
0x742d0000 - 0x742f1000 	C:\WINDOWS\SYSTEM32\DEVOBJ.dll
0x73f40000 - 0x73fcb000 	C:\WINDOWS\SYSTEM32\SHCORE.DLL
0x75540000 - 0x75567000 	C:\WINDOWS\system32\IMM32.DLL
0x75e30000 - 0x75f42000 	C:\WINDOWS\SYSTEM32\MSCTF.dll
0x7c340000 - 0x7c396000 	C:\Users\Baskar\Desktop\kidobotikz\arduino course\arduino\arduino-1.0.2\java\bin\msvcr71.dll
0x6d8b0000 - 0x6db3b000 	C:\Users\Baskar\Desktop\kidobotikz\arduino course\arduino\arduino-1.0.2\java\bin\client\jvm.dll
0x6d860000 - 0x6d86c000 	C:\Users\Baskar\Desktop\kidobotikz\arduino course\arduino\arduino-1.0.2\java\bin\verify.dll
0x6d3e0000 - 0x6d3ff000 	C:\Users\Baskar\Desktop\kidobotikz\arduino course\arduino\arduino-1.0.2\java\bin\java.dll
0x6d340000 - 0x6d348000 	C:\Users\Baskar\Desktop\kidobotikz\arduino course\arduino\arduino-1.0.2\java\bin\hpi.dll
0x75970000 - 0x75976000 	C:\WINDOWS\SYSTEM32\PSAPI.DLL
0x6d8a0000 - 0x6d8af000 	C:\Users\Baskar\Desktop\kidobotikz\arduino course\arduino\arduino-1.0.2\java\bin\zip.dll
0x6d0b0000 - 0x6d1fa000 	C:\Users\Baskar\Desktop\kidobotikz\arduino course\arduino\arduino-1.0.2\java\bin\awt.dll
0x70c00000 - 0x70e06000 	C:\WINDOWS\WinSxS\x86_microsoft.windows.common-controls_6595b64144ccf1df_6.0.9600.18006_none_a9ec6aab013aafee\comctl32.dll
0x004f0000 - 0x0050f000 	C:\Program Files (x86)\K7 Computing\K7TSecurity\K7OEPlgn.dll
0x10b20000 - 0x10b41000 	C:\Program Files (x86)\K7 Computing\K7TSecurity\K7TSHelp.DLL
0x74000000 - 0x74009000 	C:\WINDOWS\SYSTEM32\kernel.appcore.dll
0x73f20000 - 0x73f39000 	C:\WINDOWS\SYSTEM32\CRYPTSP.dll
0x73ef0000 - 0x73f20000 	C:\WINDOWS\system32\rsaenh.dll
0x73ed0000 - 0x73eee000 	C:\WINDOWS\SYSTEM32\bcrypt.dll
0x6d6c0000 - 0x6d6d3000 	C:\Users\Baskar\Desktop\kidobotikz\arduino course\arduino\arduino-1.0.2\java\bin\net.dll
0x75810000 - 0x75860000 	C:\WINDOWS\SYSTEM32\WS2_32.dll
0x75c70000 - 0x75c77000 	C:\WINDOWS\SYSTEM32\NSI.dll
0x6f220000 - 0x6f26b000 	C:\WINDOWS\system32\mswsock.dll
0x69cc0000 - 0x69cd1000 	C:\WINDOWS\system32\napinsp.dll
0x69ca0000 - 0x69cb6000 	C:\WINDOWS\system32\pnrpnsp.dll
0x69b90000 - 0x69ba4000 	C:\WINDOWS\system32\NLAapi.dll
0x6f1a0000 - 0x6f21e000 	C:\WINDOWS\SYSTEM32\DNSAPI.dll
0x69b70000 - 0x69b7a000 	C:\WINDOWS\System32\winrnr.dll
0x69b60000 - 0x69b70000 	C:\WINDOWS\system32\wshbth.dll
0x69b30000 - 0x69b51000 	C:\Program Files (x86)\Bonjour\mdnsNSP.dll
0x74390000 - 0x743b0000 	C:\WINDOWS\SYSTEM32\Iphlpapi.DLL
0x742b0000 - 0x742b8000 	C:\WINDOWS\SYSTEM32\WINNSI.DLL
0x6f160000 - 0x6f168000 	C:\Windows\System32\rasadhlp.dll
0x69ae0000 - 0x69b26000 	C:\WINDOWS\System32\fwpuclnt.dll
0x6d2e0000 - 0x6d334000 	C:\Users\Baskar\Desktop\kidobotikz\arduino course\arduino\arduino-1.0.2\java\bin\fontmanager.dll
0x6d6e0000 - 0x6d6e9000 	C:\Users\Baskar\Desktop\kidobotikz\arduino course\arduino\arduino-1.0.2\java\bin\nio.dll
0x113e0000 - 0x113f2000 	C:\Users\Baskar\Desktop\kidobotikz\arduino course\arduino\arduino-1.0.2\rxtxSerial.dll
0x11400000 - 0x11427000 	C:\WINDOWS\SYSTEM32\crtdll.dll
0x75da0000 - 0x75e2d000 	C:\WINDOWS\SYSTEM32\clbcatq.dll

VM Arguments:
jvm_args: -Xms128m -Xmx128m 
java_command: processing.app.Base C:\Users\Baskar\AppData\Local\Temp\Temp1_Fingerprint_Scanner-TTL-master.zip\Fingerprint_Scanner-TTL-master\FPS_GT511C3\Examples\FPS_Blink\FPS_Blink.ino
Launcher Type: SUN_STANDARD

Environment Variables:
PATH=C:\ProgramData\Oracle\Java\javapath;c:\Program Files (x86)\Intel\iCLS Client\;c:\Program Files\Intel\iCLS Client\;C:\WINDOWS\system32;C:\WINDOWS;C:\WINDOWS\System32\Wbem;C:\WINDOWS\System32\WindowsPowerShell\v1.0\;C:\Program Files\Intel\Intel(R) Management Engine Components\DAL;C:\Program Files\Intel\Intel(R) Management Engine Components\IPT;C:\Program Files (x86)\Intel\Intel(R) Management Engine Components\DAL;C:\Program Files (x86)\Intel\Intel(R) Management Engine Components\IPT;C:\Program Files (x86)\Skype\Phone\;C:\Users\Baskar\Desktop\kidobotikz\arduino course\arduino\arduino-1.0.2\java\bin
USERNAME=Baskar
OS=Windows_NT
PROCESSOR_IDENTIFIER=Intel64 Family 6 Model 69 Stepping 1, GenuineIntel



---------------  S Y S T E M  ---------------

OS: Windows NT 6.2 Build 9200 

CPU:total 4 (8 cores per cpu, 2 threads per core) family 6 model 69 stepping 1, cmov, cx8, fxsr, mmx, sse, sse2, sse3, ssse3, sse4.1, sse4.2, ht

Memory: 4k page, physical 4194303k(4194303k free), swap 4194303k(4194303k free)

vm_info: Java HotSpot(TM) Client VM (14.2-b01) for windows-x86 JRE (1.6.0_16-b01), built on Jul 31 2009 11:26:58 by "java_re" with MS VC++ 7.1

time: Sun Dec 27 17:08:01 2015
elapsed time: 70 seconds

